0 verbose cli [
0 verbose cli   '/usr/local/bin/node',
0 verbose cli   '/usr/local/bin/npm',
0 verbose cli   'install',
0 verbose cli   '--global',
0 verbose cli   'create-react-app'
0 verbose cli ]
1 info using npm@8.1.4
2 info using node@v17.2.0
3 timing npm:load:whichnode Completed in 0ms
4 timing config:load:defaults Completed in 1ms
5 timing config:load:file:/usr/local/lib/node_modules/npm/npmrc Completed in 0ms
6 timing config:load:builtin Completed in 0ms
7 timing config:load:cli Completed in 1ms
8 timing config:load:env Completed in 0ms
9 timing config:load:project Completed in 0ms
10 timing config:load:file:/Users/michaelmckitrick/.npmrc Completed in 0ms
11 timing config:load:user Completed in 0ms
12 timing config:load:file:/usr/local/etc/npmrc Completed in 0ms
13 timing config:load:global Completed in 1ms
14 timing config:load:validate Completed in 0ms
15 timing config:load:credentials Completed in 0ms
16 timing config:load:setEnvs Completed in 1ms
17 timing config:load Completed in 4ms
18 timing npm:load:configload Completed in 4ms
19 timing npm:load:setTitle Completed in 7ms
20 timing npm:load:setupLog Completed in 0ms
21 timing config:load:flatten Completed in 1ms
22 timing npm:load:cleanupLog Completed in 1ms
23 timing npm:load:configScope Completed in 0ms
24 timing npm:load:projectScope Completed in 1ms
25 timing npm:load Completed in 14ms
26 timing arborist:ctor Completed in 0ms
27 timing idealTree:init Completed in 2ms
28 timing idealTree:userRequests Completed in 0ms
29 silly idealTree buildDeps
30 silly fetch manifest create-react-app@*
31 http fetch GET 200 https://registry.npmjs.org/create-react-app 1298ms (cache miss)
32 silly placeDep ROOT create-react-app@4.0.3 OK for:  want: *
33 silly fetch manifest chalk@4.1.0
34 silly fetch manifest commander@4.1.1
35 silly fetch manifest cross-spawn@7.0.3
36 silly fetch manifest envinfo@7.7.3
37 silly fetch manifest fs-extra@9.0.1
38 silly fetch manifest hyperquest@2.1.3
39 silly fetch manifest prompts@2.4.0
40 silly fetch manifest semver@7.3.2
41 silly fetch manifest tar-pack@3.4.1
42 silly fetch manifest tmp@0.2.1
43 silly fetch manifest validate-npm-package-name@3.0.0
44 http fetch GET 200 https://registry.npmjs.org/chalk 116ms (cache miss)
45 http fetch GET 200 https://registry.npmjs.org/cross-spawn 1063ms (cache miss)
46 http fetch GET 200 https://registry.npmjs.org/prompts 1132ms (cache miss)
47 http fetch GET 200 https://registry.npmjs.org/fs-extra 1166ms (cache miss)
48 http fetch GET 200 https://registry.npmjs.org/hyperquest 1327ms (cache miss)
49 http fetch GET 200 https://registry.npmjs.org/tar-pack 1329ms (cache miss)
50 http fetch GET 200 https://registry.npmjs.org/validate-npm-package-name 1382ms (cache miss)
51 http fetch GET 200 https://registry.npmjs.org/envinfo 1506ms (cache miss)
52 http fetch GET 200 https://registry.npmjs.org/commander 1739ms (cache miss)
53 http fetch GET 200 https://registry.npmjs.org/semver 1803ms (cache miss)
54 http fetch GET 200 https://registry.npmjs.org/tmp 1808ms (cache miss)
55 timing idealTree:#root Completed in 3122ms
56 silly placeDep node_modules/create-react-app chalk@4.1.0 OK for: create-react-app@4.0.3 want: 4.1.0
57 silly placeDep node_modules/create-react-app commander@4.1.1 OK for: create-react-app@4.0.3 want: 4.1.1
58 silly placeDep node_modules/create-react-app cross-spawn@7.0.3 OK for: create-react-app@4.0.3 want: 7.0.3
59 silly placeDep node_modules/create-react-app envinfo@7.7.3 OK for: create-react-app@4.0.3 want: 7.7.3
60 silly placeDep node_modules/create-react-app fs-extra@9.0.1 OK for: create-react-app@4.0.3 want: 9.0.1
61 silly placeDep node_modules/create-react-app hyperquest@2.1.3 OK for: create-react-app@4.0.3 want: 2.1.3
62 silly placeDep node_modules/create-react-app prompts@2.4.0 OK for: create-react-app@4.0.3 want: 2.4.0
63 silly placeDep node_modules/create-react-app semver@7.3.2 OK for: create-react-app@4.0.3 want: 7.3.2
64 silly placeDep node_modules/create-react-app tar-pack@3.4.1 OK for: create-react-app@4.0.3 want: 3.4.1
65 silly placeDep node_modules/create-react-app tmp@0.2.1 OK for: create-react-app@4.0.3 want: 0.2.1
66 silly placeDep node_modules/create-react-app validate-npm-package-name@3.0.0 OK for: create-react-app@4.0.3 want: 3.0.0
67 silly fetch manifest ansi-styles@^4.1.0
68 silly fetch manifest supports-color@^7.1.0
69 silly fetch manifest path-key@^3.1.0
70 silly fetch manifest shebang-command@^2.0.0
71 silly fetch manifest which@^2.0.1
72 silly fetch manifest at-least-node@^1.0.0
73 silly fetch manifest graceful-fs@^4.2.0
74 silly fetch manifest jsonfile@^6.0.1
75 silly fetch manifest universalify@^1.0.0
76 silly fetch manifest buffer-from@^0.1.1
77 silly fetch manifest duplexer2@~0.0.2
78 silly fetch manifest through2@~0.6.3
79 silly fetch manifest kleur@^3.0.3
80 silly fetch manifest sisteransi@^1.0.5
81 silly fetch manifest debug@^2.2.0
82 silly fetch manifest fstream@^1.0.10
83 silly fetch manifest fstream-ignore@^1.0.5
84 silly fetch manifest once@^1.3.3
85 silly fetch manifest readable-stream@^2.1.4
86 silly fetch manifest rimraf@^2.5.1
87 silly fetch manifest tar@^2.2.1
88 silly fetch manifest uid-number@^0.0.6
89 silly fetch manifest rimraf@^3.0.0
90 silly fetch manifest builtins@^1.0.3
91 http fetch GET 200 https://registry.npmjs.org/ansi-styles 120ms (cache miss)
92 http fetch GET 200 https://registry.npmjs.org/supports-color 174ms (cache miss)
93 http fetch GET 200 https://registry.npmjs.org/path-key 181ms (cache miss)
94 http fetch GET 200 https://registry.npmjs.org/shebang-command 188ms (cache miss)
95 http fetch GET 200 https://registry.npmjs.org/at-least-node 203ms (cache miss)
96 http fetch GET 200 https://registry.npmjs.org/once 373ms (cache miss)
97 http fetch GET 200 https://registry.npmjs.org/which 413ms (cache miss)
98 http fetch GET 200 https://registry.npmjs.org/rimraf 670ms (cache miss)
99 http fetch GET 200 https://registry.npmjs.org/uid-number 714ms (cache miss)
100 http fetch GET 200 https://registry.npmjs.org/buffer-from 798ms (cache miss)
101 http fetch GET 200 https://registry.npmjs.org/builtins 793ms (cache miss)
102 http fetch GET 200 https://registry.npmjs.org/tar 821ms (cache miss)
103 http fetch GET 200 https://registry.npmjs.org/duplexer2 828ms (cache miss)
104 http fetch GET 200 https://registry.npmjs.org/graceful-fs 833ms (cache miss)
105 http fetch GET 200 https://registry.npmjs.org/universalify 838ms (cache miss)
106 http fetch GET 200 https://registry.npmjs.org/fstream 964ms (cache miss)
107 http fetch GET 200 https://registry.npmjs.org/jsonfile 997ms (cache miss)
108 http fetch GET 200 https://registry.npmjs.org/kleur 996ms (cache miss)
109 http fetch GET 200 https://registry.npmjs.org/fstream-ignore 1104ms (cache miss)
110 http fetch GET 200 https://registry.npmjs.org/readable-stream 1106ms (cache miss)
111 http fetch GET 200 https://registry.npmjs.org/debug 1238ms (cache miss)
112 http fetch GET 200 https://registry.npmjs.org/sisteransi 1263ms (cache miss)
113 http fetch GET 200 https://registry.npmjs.org/through2 1294ms (cache miss)
114 timing idealTree:node_modules/create-react-app Completed in 1316ms
115 silly placeDep node_modules/create-react-app ansi-styles@4.3.0 OK for: chalk@4.1.0 want: ^4.1.0
116 silly placeDep node_modules/create-react-app supports-color@7.2.0 OK for: chalk@4.1.0 want: ^7.1.0
117 silly fetch manifest color-convert@^2.0.1
118 silly fetch manifest has-flag@^4.0.0
119 http fetch GET 200 https://registry.npmjs.org/has-flag 77ms (cache miss)
120 http fetch GET 200 https://registry.npmjs.org/color-convert 93ms (cache miss)
121 timing idealTree:node_modules/create-react-app/node_modules/chalk Completed in 96ms
122 silly placeDep node_modules/create-react-app color-convert@2.0.1 OK for: ansi-styles@4.3.0 want: ^2.0.1
123 silly fetch manifest color-name@~1.1.4
124 http fetch GET 200 https://registry.npmjs.org/color-name 56ms (cache miss)
125 timing idealTree:node_modules/create-react-app/node_modules/ansi-styles Completed in 59ms
126 silly placeDep node_modules/create-react-app color-name@1.1.4 OK for: color-convert@2.0.1 want: ~1.1.4
127 timing idealTree:node_modules/create-react-app/node_modules/color-convert Completed in 1ms
128 timing idealTree:node_modules/create-react-app/node_modules/color-name Completed in 0ms
129 timing idealTree:node_modules/create-react-app/node_modules/commander Completed in 0ms
130 silly placeDep node_modules/create-react-app path-key@3.1.1 OK for: cross-spawn@7.0.3 want: ^3.1.0
131 silly placeDep node_modules/create-react-app shebang-command@2.0.0 OK for: cross-spawn@7.0.3 want: ^2.0.0
132 silly placeDep node_modules/create-react-app which@2.0.2 OK for: cross-spawn@7.0.3 want: ^2.0.1
133 silly fetch manifest shebang-regex@^3.0.0
134 silly fetch manifest isexe@^2.0.0
135 http fetch GET 200 https://registry.npmjs.org/shebang-regex 57ms (cache miss)
136 http fetch GET 200 https://registry.npmjs.org/isexe 64ms (cache miss)
137 timing idealTree:node_modules/create-react-app/node_modules/cross-spawn Completed in 69ms
138 timing idealTree:node_modules/create-react-app/node_modules/envinfo Completed in 0ms
139 silly placeDep node_modules/create-react-app at-least-node@1.0.0 OK for: fs-extra@9.0.1 want: ^1.0.0
140 silly placeDep node_modules/create-react-app graceful-fs@4.2.8 OK for: fs-extra@9.0.1 want: ^4.2.0
141 silly placeDep node_modules/create-react-app jsonfile@6.1.0 OK for: fs-extra@9.0.1 want: ^6.0.1
142 silly placeDep node_modules/create-react-app universalify@1.0.0 OK for: fs-extra@9.0.1 want: ^1.0.0
143 silly fetch manifest universalify@^2.0.0
144 timing idealTree:node_modules/create-react-app/node_modules/fs-extra Completed in 5ms
145 timing idealTree:node_modules/create-react-app/node_modules/at-least-node Completed in 0ms
146 timing idealTree:node_modules/create-react-app/node_modules/graceful-fs Completed in 0ms
147 silly placeDep node_modules/create-react-app buffer-from@0.1.2 OK for: hyperquest@2.1.3 want: ^0.1.1
148 silly placeDep node_modules/create-react-app duplexer2@0.0.2 OK for: hyperquest@2.1.3 want: ~0.0.2
149 silly placeDep node_modules/create-react-app through2@0.6.5 OK for: hyperquest@2.1.3 want: ~0.6.3
150 silly fetch manifest readable-stream@~1.1.9
151 silly fetch manifest readable-stream@>=1.0.33-1 <1.1.0-0
152 silly fetch manifest xtend@>=4.0.0 <4.1.0-0
153 http fetch GET 200 https://registry.npmjs.org/xtend 72ms (cache miss)
154 timing idealTree:node_modules/create-react-app/node_modules/hyperquest Completed in 75ms
155 timing idealTree:node_modules/create-react-app/node_modules/buffer-from Completed in 0ms
156 silly placeDep node_modules/create-react-app readable-stream@1.1.14 OK for: duplexer2@0.0.2 want: ~1.1.9
157 silly fetch manifest core-util-is@~1.0.0
158 silly fetch manifest isarray@0.0.1
159 silly fetch manifest string_decoder@~0.10.x
160 silly fetch manifest inherits@~2.0.1
161 http fetch GET 200 https://registry.npmjs.org/core-util-is 59ms (cache miss)
162 http fetch GET 200 https://registry.npmjs.org/isarray 79ms (cache miss)
163 http fetch GET 200 https://registry.npmjs.org/inherits 85ms (cache miss)
164 http fetch GET 200 https://registry.npmjs.org/string_decoder 86ms (cache miss)
165 timing idealTree:node_modules/create-react-app/node_modules/duplexer2 Completed in 91ms
166 silly placeDep node_modules/create-react-app/node_modules/jsonfile universalify@2.0.0 OK for: jsonfile@6.1.0 want: ^2.0.0
167 timing idealTree:node_modules/create-react-app/node_modules/jsonfile Completed in 1ms
168 timing idealTree:node_modules/create-react-app/node_modules/path-key Completed in 0ms
169 silly placeDep node_modules/create-react-app kleur@3.0.3 OK for: prompts@2.4.0 want: ^3.0.3
170 silly placeDep node_modules/create-react-app sisteransi@1.0.5 OK for: prompts@2.4.0 want: ^1.0.5
171 timing idealTree:node_modules/create-react-app/node_modules/prompts Completed in 1ms
172 timing idealTree:node_modules/create-react-app/node_modules/kleur Completed in 0ms
173 silly placeDep node_modules/create-react-app core-util-is@1.0.3 OK for: readable-stream@1.1.14 want: ~1.0.0
174 silly placeDep node_modules/create-react-app inherits@2.0.4 OK for: readable-stream@1.1.14 want: ~2.0.1
175 silly placeDep node_modules/create-react-app isarray@0.0.1 OK for: readable-stream@1.1.14 want: 0.0.1
176 silly placeDep node_modules/create-react-app string_decoder@0.10.31 OK for: readable-stream@1.1.14 want: ~0.10.x
177 timing idealTree:node_modules/create-react-app/node_modules/readable-stream Completed in 3ms
178 timing idealTree:node_modules/create-react-app/node_modules/core-util-is Completed in 0ms
179 timing idealTree:node_modules/create-react-app/node_modules/inherits Completed in 0ms
180 timing idealTree:node_modules/create-react-app/node_modules/isarray Completed in 0ms
181 timing idealTree:node_modules/create-react-app/node_modules/semver Completed in 0ms
182 silly placeDep node_modules/create-react-app shebang-regex@3.0.0 OK for: shebang-command@2.0.0 want: ^3.0.0
183 timing idealTree:node_modules/create-react-app/node_modules/shebang-command Completed in 1ms
184 timing idealTree:node_modules/create-react-app/node_modules/shebang-regex Completed in 0ms
185 timing idealTree:node_modules/create-react-app/node_modules/sisteransi Completed in 0ms
186 timing idealTree:node_modules/create-react-app/node_modules/string_decoder Completed in 0ms
187 silly placeDep node_modules/create-react-app has-flag@4.0.0 OK for: supports-color@7.2.0 want: ^4.0.0
188 timing idealTree:node_modules/create-react-app/node_modules/supports-color Completed in 1ms
189 timing idealTree:node_modules/create-react-app/node_modules/has-flag Completed in 0ms
190 silly placeDep node_modules/create-react-app debug@2.6.9 OK for: tar-pack@3.4.1 want: ^2.2.0
191 silly placeDep node_modules/create-react-app fstream@1.0.12 OK for: tar-pack@3.4.1 want: ^1.0.10
192 silly placeDep node_modules/create-react-app fstream-ignore@1.0.5 OK for: tar-pack@3.4.1 want: ^1.0.5
193 silly placeDep node_modules/create-react-app once@1.4.0 OK for: tar-pack@3.4.1 want: ^1.3.3
194 silly placeDep node_modules/create-react-app/node_modules/tar-pack readable-stream@2.3.7 OK for: tar-pack@3.4.1 want: ^2.1.4
195 silly placeDep node_modules/create-react-app rimraf@2.7.1 OK for: tar-pack@3.4.1 want: ^2.5.1
196 silly placeDep node_modules/create-react-app tar@2.2.2 OK for: tar-pack@3.4.1 want: ^2.2.1
197 silly placeDep node_modules/create-react-app uid-number@0.0.6 OK for: tar-pack@3.4.1 want: ^0.0.6
198 silly fetch manifest ms@2.0.0
199 silly fetch manifest mkdirp@>=0.5 0
200 silly fetch manifest minimatch@^3.0.0
201 silly fetch manifest wrappy@1
202 silly fetch manifest isarray@~1.0.0
203 silly fetch manifest process-nextick-args@~2.0.0
204 silly fetch manifest safe-buffer@~5.1.1
205 silly fetch manifest string_decoder@~1.1.1
206 silly fetch manifest util-deprecate@~1.0.1
207 silly fetch manifest glob@^7.1.3
208 silly fetch manifest block-stream@*
209 http fetch GET 200 https://registry.npmjs.org/wrappy 61ms (cache miss)
210 http fetch GET 200 https://registry.npmjs.org/minimatch 89ms (cache miss)
211 http fetch GET 200 https://registry.npmjs.org/process-nextick-args 97ms (cache miss)
212 http fetch GET 200 https://registry.npmjs.org/safe-buffer 110ms (cache miss)
213 http fetch GET 200 https://registry.npmjs.org/util-deprecate 146ms (cache miss)
214 http fetch GET 200 https://registry.npmjs.org/glob 164ms (cache miss)
215 http fetch GET 200 https://registry.npmjs.org/block-stream 167ms (cache miss)
216 http fetch GET 200 https://registry.npmjs.org/ms 191ms (cache miss)
217 http fetch GET 200 https://registry.npmjs.org/mkdirp 199ms (cache miss)
218 timing idealTree:node_modules/create-react-app/node_modules/tar-pack Completed in 207ms
219 silly placeDep node_modules/create-react-app ms@2.0.0 OK for: debug@2.6.9 want: 2.0.0
220 timing idealTree:node_modules/create-react-app/node_modules/debug Completed in 0ms
221 silly placeDep node_modules/create-react-app mkdirp@0.5.5 OK for: fstream@1.0.12 want: >=0.5 0
222 silly fetch manifest minimist@^1.2.5
223 http fetch GET 200 https://registry.npmjs.org/minimist 124ms (cache miss)
224 timing idealTree:node_modules/create-react-app/node_modules/fstream Completed in 125ms
225 silly placeDep node_modules/create-react-app minimatch@3.0.4 OK for: fstream-ignore@1.0.5 want: ^3.0.0
226 silly fetch manifest brace-expansion@^1.1.7
227 http fetch GET 200 https://registry.npmjs.org/brace-expansion 91ms (cache miss)
228 timing idealTree:node_modules/create-react-app/node_modules/fstream-ignore Completed in 95ms
229 silly placeDep node_modules/create-react-app brace-expansion@1.1.11 OK for: minimatch@3.0.4 want: ^1.1.7
230 silly fetch manifest balanced-match@^1.0.0
231 silly fetch manifest concat-map@0.0.1
232 http fetch GET 200 https://registry.npmjs.org/concat-map 61ms (cache miss)
233 http fetch GET 200 https://registry.npmjs.org/balanced-match 82ms (cache miss)
234 timing idealTree:node_modules/create-react-app/node_modules/minimatch Completed in 84ms
235 silly placeDep node_modules/create-react-app balanced-match@1.0.2 OK for: brace-expansion@1.1.11 want: ^1.0.0
236 silly placeDep node_modules/create-react-app concat-map@0.0.1 OK for: brace-expansion@1.1.11 want: 0.0.1
237 timing idealTree:node_modules/create-react-app/node_modules/brace-expansion Completed in 2ms
238 timing idealTree:node_modules/create-react-app/node_modules/balanced-match Completed in 0ms
239 timing idealTree:node_modules/create-react-app/node_modules/concat-map Completed in 0ms
240 silly placeDep node_modules/create-react-app minimist@1.2.5 OK for: mkdirp@0.5.5 want: ^1.2.5
241 timing idealTree:node_modules/create-react-app/node_modules/mkdirp Completed in 0ms
242 timing idealTree:node_modules/create-react-app/node_modules/minimist Completed in 0ms
243 timing idealTree:node_modules/create-react-app/node_modules/ms Completed in 0ms
244 silly placeDep node_modules/create-react-app wrappy@1.0.2 OK for: once@1.4.0 want: 1
245 timing idealTree:node_modules/create-react-app/node_modules/once Completed in 1ms
246 silly placeDep node_modules/create-react-app glob@7.2.0 OK for: rimraf@2.7.1 want: ^7.1.3
247 silly fetch manifest fs.realpath@^1.0.0
248 silly fetch manifest inflight@^1.0.4
249 silly fetch manifest path-is-absolute@^1.0.0
250 http fetch GET 200 https://registry.npmjs.org/fs.realpath 60ms (cache miss)
251 http fetch GET 200 https://registry.npmjs.org/path-is-absolute 64ms (cache miss)
252 http fetch GET 200 https://registry.npmjs.org/inflight 67ms (cache miss)
253 timing idealTree:node_modules/create-react-app/node_modules/rimraf Completed in 70ms
254 silly placeDep node_modules/create-react-app fs.realpath@1.0.0 OK for: glob@7.2.0 want: ^1.0.0
255 silly placeDep node_modules/create-react-app inflight@1.0.6 OK for: glob@7.2.0 want: ^1.0.4
256 silly placeDep node_modules/create-react-app path-is-absolute@1.0.1 OK for: glob@7.2.0 want: ^1.0.0
257 timing idealTree:node_modules/create-react-app/node_modules/glob Completed in 2ms
258 timing idealTree:node_modules/create-react-app/node_modules/fs.realpath Completed in 0ms
259 timing idealTree:node_modules/create-react-app/node_modules/inflight Completed in 0ms
260 timing idealTree:node_modules/create-react-app/node_modules/path-is-absolute Completed in 0ms
261 silly placeDep node_modules/create-react-app block-stream@0.0.9 OK for: tar@2.2.2 want: *
262 timing idealTree:node_modules/create-react-app/node_modules/tar Completed in 1ms
263 timing idealTree:node_modules/create-react-app/node_modules/block-stream Completed in 0ms
264 silly placeDep node_modules/create-react-app/node_modules/through2 readable-stream@1.0.34 OK for: through2@0.6.5 want: >=1.0.33-1 <1.1.0-0
265 silly placeDep node_modules/create-react-app xtend@4.0.2 OK for: through2@0.6.5 want: >=4.0.0 <4.1.0-0
266 timing idealTree:node_modules/create-react-app/node_modules/through2 Completed in 1ms
267 silly placeDep node_modules/create-react-app/node_modules/tmp rimraf@3.0.2 OK for: tmp@0.2.1 want: ^3.0.0
268 timing idealTree:node_modules/create-react-app/node_modules/tmp Completed in 1ms
269 timing idealTree:node_modules/create-react-app/node_modules/uid-number Completed in 0ms
270 timing idealTree:node_modules/create-react-app/node_modules/universalify Completed in 0ms
271 silly placeDep node_modules/create-react-app builtins@1.0.3 OK for: validate-npm-package-name@3.0.0 want: ^1.0.3
272 timing idealTree:node_modules/create-react-app/node_modules/validate-npm-package-name Completed in 1ms
273 timing idealTree:node_modules/create-react-app/node_modules/builtins Completed in 0ms
274 silly placeDep node_modules/create-react-app isexe@2.0.0 OK for: which@2.0.2 want: ^2.0.0
275 timing idealTree:node_modules/create-react-app/node_modules/which Completed in 1ms
276 timing idealTree:node_modules/create-react-app/node_modules/isexe Completed in 0ms
277 timing idealTree:node_modules/create-react-app/node_modules/wrappy Completed in 0ms
278 timing idealTree:node_modules/create-react-app/node_modules/xtend Completed in 0ms
279 timing idealTree:node_modules/create-react-app/node_modules/jsonfile/node_modules/universalify Completed in 0ms
280 silly placeDep node_modules/create-react-app/node_modules/tar-pack isarray@1.0.0 OK for: readable-stream@2.3.7 want: ~1.0.0
281 silly placeDep node_modules/create-react-app process-nextick-args@2.0.1 OK for: readable-stream@2.3.7 want: ~2.0.0
282 silly placeDep node_modules/create-react-app safe-buffer@5.1.2 OK for: readable-stream@2.3.7 want: ~5.1.1
283 silly placeDep node_modules/create-react-app/node_modules/tar-pack string_decoder@1.1.1 OK for: readable-stream@2.3.7 want: ~1.1.1
284 silly placeDep node_modules/create-react-app util-deprecate@1.0.2 OK for: readable-stream@2.3.7 want: ~1.0.1
285 timing idealTree:node_modules/create-react-app/node_modules/tar-pack/node_modules/readable-stream Completed in 3ms
286 timing idealTree:node_modules/create-react-app/node_modules/process-nextick-args Completed in 0ms
287 timing idealTree:node_modules/create-react-app/node_modules/safe-buffer Completed in 0ms
288 timing idealTree:node_modules/create-react-app/node_modules/util-deprecate Completed in 0ms
289 timing idealTree:node_modules/create-react-app/node_modules/tar-pack/node_modules/isarray Completed in 0ms
290 timing idealTree:node_modules/create-react-app/node_modules/tar-pack/node_modules/string_decoder Completed in 0ms
291 timing idealTree:node_modules/create-react-app/node_modules/through2/node_modules/readable-stream Completed in 0ms
292 timing idealTree:node_modules/create-react-app/node_modules/tmp/node_modules/rimraf Completed in 0ms
293 timing idealTree:buildDeps Completed in 5442ms
294 timing idealTree:fixDepFlags Completed in 1ms
295 timing idealTree Completed in 5447ms
296 timing reify:loadTrees Completed in 5448ms
297 timing reify:diffTrees Completed in 3ms
298 silly reify moves {}
299 timing reify:retireShallow Completed in 1ms
300 timing reify:rollback:createSparse Completed in 0ms
301 timing reify:rollback:retireShallow Completed in 0ms
302 timing command:install Completed in 5519ms
303 notice New [33mminor[39m version of npm available! [31m8.1.4[39m -> [32m8.3.0[39m
303 notice Changelog: [36mhttps://github.com/npm/cli/releases/tag/v8.3.0[39m
303 notice Run [32mnpm install -g npm@8.3.0[39m to update!
304 verbose stack Error: EACCES: permission denied, mkdir '/usr/local/lib/node_modules/create-react-app'
305 verbose cwd /Users/michaelmckitrick
306 verbose Darwin 20.6.0
307 verbose argv "/usr/local/bin/node" "/usr/local/bin/npm" "install" "--global" "create-react-app"
308 verbose node v17.2.0
309 verbose npm  v8.1.4
310 error code EACCES
311 error syscall mkdir
312 error path /usr/local/lib/node_modules/create-react-app
313 error errno -13
314 error Error: EACCES: permission denied, mkdir '/usr/local/lib/node_modules/create-react-app'
314 error  [Error: EACCES: permission denied, mkdir '/usr/local/lib/node_modules/create-react-app'] {
314 error   errno: -13,
314 error   code: 'EACCES',
314 error   syscall: 'mkdir',
314 error   path: '/usr/local/lib/node_modules/create-react-app'
314 error }
315 error The operation was rejected by your operating system.
315 error It is likely you do not have the permissions to access this file as the current user
315 error
315 error If you believe this might be a permissions issue, please double-check the
315 error permissions of the file and its containing directories, or try running
315 error the command again as root/Administrator.
316 verbose exit -13
